08:44:21 INFO  : Registering command handlers for SDK TCF services
08:44:22 INFO  : Launching XSCT server: xsct.bat -interactive C:\Users\alexa\project_1\project_1.sdk\temp_xsdb_launch_script.tcl
08:44:24 INFO  : XSCT server has started successfully.
08:44:24 INFO  : Successfully done setting XSCT server connection channel  
08:44:25 INFO  : Successfully done setting SDK workspace  
08:44:25 INFO  : Processing command line option -hwspec C:/Users/alexa/project_1/project_1.sdk/design_1_wrapper.hdf.
08:46:27 INFO  : Example project numato_reader_bsp_xgpio_example_1 has been created successfully.
08:57:37 INFO  : Connected to target on host '127.0.0.1' and port '3121'.
08:57:39 INFO  : 'targets -set -filter {jtag_cable_name =~ "Digilent Zybo 210279A78FF5A" && level==0} -index 1' command is executed.
08:57:41 INFO  : FPGA configured successfully with bitstream "C:/Users/alexa/project_1/project_1.sdk/design_1_wrapper_hw_platform_0/design_1_wrapper.bit"
08:57:53 INFO  : 'targets -set -filter {jtag_cable_name =~ "Digilent Zybo 210279A78FF5A" && level==0} -index 1' command is executed.
08:57:53 INFO  : 'fpga -state' command is executed.
08:57:53 INFO  : Connected to target on host '127.0.0.1' and port '3121'.
08:57:54 INFO  : Jtag cable 'Digilent Zybo 210279A78FF5A' is selected.
08:57:54 INFO  : 'jtag frequency' command is executed.
08:57:54 INFO  : Sourcing of 'C:/Users/alexa/project_1/project_1.sdk/design_1_wrapper_hw_platform_0/ps7_init.tcl' is done.
08:57:54 INFO  : Context for 'APU' is selected.
08:57:54 INFO  : Hardware design information is loaded from 'C:/Users/alexa/project_1/project_1.sdk/design_1_wrapper_hw_platform_0/system.hdf'.
08:57:54 INFO  : 'configparams force-mem-access 1' command is executed.
08:57:54 INFO  : Context for 'APU' is selected.
08:57:54 INFO  : 'stop' command is executed.
08:57:54 INFO  : 'ps7_init' command is executed.
08:57:54 INFO  : 'ps7_post_config' command is executed.
08:57:54 INFO  : Context for processor 'ps7_cortexa9_0' is selected.
08:57:54 INFO  : Processor reset is completed for 'ps7_cortexa9_0'.
08:57:54 INFO  : Context for processor 'ps7_cortexa9_0' is selected.
08:57:54 INFO  : The application 'C:/Users/alexa/project_1/project_1.sdk/numato_reader/Debug/numato_reader.elf' is downloaded to processor 'ps7_cortexa9_0'.
08:57:54 INFO  : 'configparams force-mem-access 0' command is executed.
08:57:54 INFO  : ----------------XSDB Script----------------
connect -url tcp:127.0.0.1:3121
source C:/Users/alexa/project_1/project_1.sdk/design_1_wrapper_hw_platform_0/ps7_init.tcl
targets -set -nocase -filter {name =~"APU*" && jtag_cable_name =~ "Digilent Zybo 210279A78FF5A"} -index 0
loadhw -hw C:/Users/alexa/project_1/project_1.sdk/design_1_wrapper_hw_platform_0/system.hdf -mem-ranges [list {0x40000000 0xbfffffff}]
configparams force-mem-access 1
targets -set -nocase -filter {name =~"APU*" && jtag_cable_name =~ "Digilent Zybo 210279A78FF5A"} -index 0
stop
ps7_init
ps7_post_config
targets -set -nocase -filter {name =~ "ARM*#0" && jtag_cable_name =~ "Digilent Zybo 210279A78FF5A"} -index 0
rst -processor
targets -set -nocase -filter {name =~ "ARM*#0" && jtag_cable_name =~ "Digilent Zybo 210279A78FF5A"} -index 0
dow C:/Users/alexa/project_1/project_1.sdk/numato_reader/Debug/numato_reader.elf
configparams force-mem-access 0
----------------End of Script----------------

08:57:54 INFO  : Context for processor 'ps7_cortexa9_0' is selected.
08:57:54 INFO  : 'con' command is executed.
08:57:54 INFO  : ----------------XSDB Script (After Launch)----------------
targets -set -nocase -filter {name =~ "ARM*#0" && jtag_cable_name =~ "Digilent Zybo 210279A78FF5A"} -index 0
con
----------------End of Script----------------

08:57:54 INFO  : Disconnected from the channel tcfchan#1.
08:59:23 INFO  : 'targets -set -filter {jtag_cable_name =~ "Digilent Zybo 210279A78FF5A" && level==0} -index 1' command is executed.
08:59:23 INFO  : 'fpga -state' command is executed.
08:59:23 INFO  : Connected to target on host '127.0.0.1' and port '3121'.
08:59:24 INFO  : Jtag cable 'Digilent Zybo 210279A78FF5A' is selected.
08:59:24 INFO  : 'jtag frequency' command is executed.
08:59:24 INFO  : Sourcing of 'C:/Users/alexa/project_1/project_1.sdk/design_1_wrapper_hw_platform_0/ps7_init.tcl' is done.
08:59:24 INFO  : Context for 'APU' is selected.
08:59:24 INFO  : Hardware design information is loaded from 'C:/Users/alexa/project_1/project_1.sdk/design_1_wrapper_hw_platform_0/system.hdf'.
08:59:24 INFO  : 'configparams force-mem-access 1' command is executed.
08:59:24 INFO  : Context for 'APU' is selected.
08:59:24 INFO  : 'stop' command is executed.
08:59:25 INFO  : 'ps7_init' command is executed.
08:59:25 INFO  : 'ps7_post_config' command is executed.
08:59:25 INFO  : Context for processor 'ps7_cortexa9_0' is selected.
08:59:25 INFO  : Processor reset is completed for 'ps7_cortexa9_0'.
08:59:25 INFO  : Context for processor 'ps7_cortexa9_0' is selected.
08:59:25 INFO  : The application 'C:/Users/alexa/project_1/project_1.sdk/numato_reader/Debug/numato_reader.elf' is downloaded to processor 'ps7_cortexa9_0'.
08:59:25 INFO  : 'configparams force-mem-access 0' command is executed.
08:59:25 INFO  : ----------------XSDB Script----------------
connect -url tcp:127.0.0.1:3121
source C:/Users/alexa/project_1/project_1.sdk/design_1_wrapper_hw_platform_0/ps7_init.tcl
targets -set -nocase -filter {name =~"APU*" && jtag_cable_name =~ "Digilent Zybo 210279A78FF5A"} -index 0
loadhw -hw C:/Users/alexa/project_1/project_1.sdk/design_1_wrapper_hw_platform_0/system.hdf -mem-ranges [list {0x40000000 0xbfffffff}]
configparams force-mem-access 1
targets -set -nocase -filter {name =~"APU*" && jtag_cable_name =~ "Digilent Zybo 210279A78FF5A"} -index 0
stop
ps7_init
ps7_post_config
targets -set -nocase -filter {name =~ "ARM*#0" && jtag_cable_name =~ "Digilent Zybo 210279A78FF5A"} -index 0
rst -processor
targets -set -nocase -filter {name =~ "ARM*#0" && jtag_cable_name =~ "Digilent Zybo 210279A78FF5A"} -index 0
dow C:/Users/alexa/project_1/project_1.sdk/numato_reader/Debug/numato_reader.elf
configparams force-mem-access 0
----------------End of Script----------------

08:59:25 INFO  : Context for processor 'ps7_cortexa9_0' is selected.
08:59:25 INFO  : 'con' command is executed.
08:59:25 INFO  : ----------------XSDB Script (After Launch)----------------
targets -set -nocase -filter {name =~ "ARM*#0" && jtag_cable_name =~ "Digilent Zybo 210279A78FF5A"} -index 0
con
----------------End of Script----------------

08:59:25 INFO  : Disconnected from the channel tcfchan#2.
